Release 14.7 - xst P.20131013 (nt64)
Copyright (c) 1995-2013 Xilinx, Inc.  All rights reserved.
--> Parameter TMPDIR set to xst/projnav.tmp


Total REAL time to Xst completion: 1.00 secs
Total CPU time to Xst completion: 0.30 secs
 
--> Parameter xsthdpdir set to xst


Total REAL time to Xst completion: 1.00 secs
Total CPU time to Xst completion: 0.30 secs
 
--> Reading design: alu.prj

TABLE OF CONTENTS
  1) Synthesis Options Summary
  2) HDL Compilation
  3) Design Hierarchy Analysis
  4) HDL Analysis
  5) HDL Synthesis
     5.1) HDL Synthesis Report
  6) Advanced HDL Synthesis
     6.1) Advanced HDL Synthesis Report
  7) Low Level Synthesis
  8) Partition Report
  9) Final Report

=========================================================================
*                      Synthesis Options Summary                        *
=========================================================================
---- Source Parameters
Input File Name                    : "alu.prj"
Input Format                       : mixed
Ignore Synthesis Constraint File   : NO

---- Target Parameters
Output File Name                   : "alu"
Output Format                      : NGC
Target Device                      : CoolRunner2 CPLDs

---- Source Options
Top Module Name                    : alu
Automatic FSM Extraction           : YES
FSM Encoding Algorithm             : Auto
Safe Implementation                : No
Mux Extraction                     : Yes
Resource Sharing                   : YES

---- Target Options
Add IO Buffers                     : YES
MACRO Preserve                     : YES
XOR Preserve                       : YES
Equivalent register Removal        : YES

---- General Options
Optimization Goal                  : Speed
Optimization Effort                : 1
Keep Hierarchy                     : Yes
Netlist Hierarchy                  : As_Optimized
RTL Output                         : Yes
Hierarchy Separator                : /
Bus Delimiter                      : <>
Case Specifier                     : Maintain
Verilog 2001                       : YES

---- Other Options
Clock Enable                       : YES
wysiwyg                            : NO

=========================================================================


=========================================================================
*                          HDL Compilation                              *
=========================================================================
Compiling vhdl file "C:/Users/HP/Desktop/09-Project/ALU/alu.vhd" in Library work.
Entity <alu> compiled.
Entity <alu> (Architecture <Behavioral>) compiled.

=========================================================================
*                     Design Hierarchy Analysis                         *
=========================================================================
Analyzing hierarchy for entity <alu> in library <work> (architecture <Behavioral>).


=========================================================================
*                            HDL Analysis                               *
=========================================================================
Analyzing Entity <alu> in library <work> (Architecture <Behavioral>).
INFO:Xst:1561 - "C:/Users/HP/Desktop/09-Project/ALU/alu.vhd" line 109: Mux is complete : default of case is discarded
Entity <alu> analyzed. Unit <alu> generated.


=========================================================================
*                           HDL Synthesis                               *
=========================================================================

Performing bidirectional port resolution...

Synthesizing Unit <alu>.
    Related source file is "C:/Users/HP/Desktop/09-Project/ALU/alu.vhd".
    Register <yv> equivalent to <y> has been removed
    Found 1-bit register for signal <negf>.
    Found 1-bit register for signal <zero>.
    Found 1-bit register for signal <carry_out>.
    Found 4-bit register for signal <y>.
    Found 5-bit adder for signal <temp$add0000> created at line 59.
    Found 4-bit addsub for signal <yv$addsub0000>.
    Found 4-bit comparator equal for signal <yv$cmp_eq0010> created at line 88.
    Found 4-bit comparator greatequal for signal <yv$cmp_ge0000> created at line 64.
    Found 4-bit comparator greatequal for signal <yv$cmp_ge0001> created at line 72.
    Found 4-bit xor2 for signal <yv$xor0000> created at line 103.
    Summary:
	inferred   2 Adder/Subtractor(s).
	inferred   3 Comparator(s).
Unit <alu> synthesized.

INFO:Xst:1767 - HDL ADVISOR - Resource sharing has identified that some arithmetic operations in this design can share the same physical resources for reduced device utilization. For improved clock frequency you may try to disable resource sharing.

=========================================================================
HDL Synthesis Report

Macro Statistics
# Adders/Subtractors                                   : 2
 4-bit addsub                                          : 1
 5-bit adder                                           : 1
# Registers                                            : 4
 1-bit register                                        : 3
 4-bit register                                        : 1
# Comparators                                          : 3
 4-bit comparator equal                                : 1
 4-bit comparator greatequal                           : 2
# Xors                                                 : 1
 4-bit xor2                                            : 1

=========================================================================

=========================================================================
*                       Advanced HDL Synthesis                          *
=========================================================================


=========================================================================
Advanced HDL Synthesis Report

Macro Statistics
# Adders/Subtractors                                   : 2
 4-bit addsub                                          : 1
 5-bit adder                                           : 1
# Comparators                                          : 1
 4-bit comparator equal                                : 1
# Xors                                                 : 1
 4-bit xor2                                            : 1

=========================================================================

=========================================================================
*                         Low Level Synthesis                           *
=========================================================================

Optimizing unit <alu> ...

=========================================================================
*                           Partition Report                            *
=========================================================================

Partition Implementation Status
-------------------------------

  No Partitions were found in this design.

-------------------------------

=========================================================================
*                            Final Report                               *
=========================================================================
Final Results
RTL Top Level Output File Name     : alu.ngr
Top Level Output File Name         : alu
Output Format                      : NGC
Optimization Goal                  : Speed
Keep Hierarchy                     : Yes
Target Technology                  : CoolRunner2 CPLDs
Macro Preserve                     : YES
XOR Preserve                       : YES
Clock Enable                       : YES
wysiwyg                            : NO

Design Statistics
# IOs                              : 22

Cell Usage :
# BELS                             : 527
#      AND2                        : 159
#      AND3                        : 46
#      AND4                        : 5
#      AND6                        : 1
#      INV                         : 174
#      OR2                         : 103
#      OR3                         : 16
#      XOR2                        : 23
# FlipFlops/Latches                : 7
#      FD                          : 7
# IO Buffers                       : 22
#      IBUF                        : 15
#      OBUF                        : 7
=========================================================================


Total REAL time to Xst completion: 8.00 secs
Total CPU time to Xst completion: 7.82 secs
 
--> 

Total memory usage is 4469080 kilobytes

Number of errors   :    0 (   0 filtered)
Number of warnings :    0 (   0 filtered)
Number of infos    :    2 (   0 filtered)

