ISim log file
Running: C:\Users\HP\Downloads\Digital-electronics-1-master\Labs\07-stopwatch\stopwatch\stopwatch_tb00_isim_beh.exe -intstyle ise -gui -tclbatch isim.cmd -wdb C:/Users/HP/Downloads/Digital-electronics-1-master/Labs/07-stopwatch/stopwatch/stopwatch_tb00_isim_beh.wdb 
ISim P.20131013 (signature 0x7708f090)
WARNING: A WEBPACK license was found.
WARNING: Please use Xilinx License Configuration Manager to check out a full ISim license.
WARNING: ISim will run in Lite mode. Please refer to the ISim documentation for more information on the differences between the Lite and the Full version.
This is a Lite version of ISim.
Time resolution is 1 ps
# onerror resume
# wave add /
# run 1000 ns
Simulator is doing circuit initialization process.
at 0 ps, Instance /stopwatch_tb00/uut/HEX_TO_7SEG0/ : Warning: NUMERIC_STD."=": metavalue detected, returning FALSE
at 0 ps, Instance /stopwatch_tb00/uut/HEX_TO_7SEG0/ : Warning: NUMERIC_STD."=": metavalue detected, returning FALSE
at 0 ps, Instance /stopwatch_tb00/uut/HEX_TO_7SEG0/ : Warning: NUMERIC_STD."=": metavalue detected, returning FALSE
at 0 ps, Instance /stopwatch_tb00/uut/HEX_TO_7SEG0/ : Warning: NUMERIC_STD."=": metavalue detected, returning FALSE
at 0 ps, Instance /stopwatch_tb00/uut/HEX_TO_7SEG0/ : Warning: NUMERIC_STD."=": metavalue detected, returning FALSE
at 0 ps, Instance /stopwatch_tb00/uut/HEX_TO_7SEG0/ : Warning: NUMERIC_STD."=": metavalue detected, returning FALSE
at 0 ps, Instance /stopwatch_tb00/uut/HEX_TO_7SEG0/ : Warning: NUMERIC_STD."=": metavalue detected, returning FALSE
at 0 ps, Instance /stopwatch_tb00/uut/HEX_TO_7SEG0/ : Warning: NUMERIC_STD."=": metavalue detected, returning FALSE
at 0 ps, Instance /stopwatch_tb00/uut/HEX_TO_7SEG0/ : Warning: NUMERIC_STD."=": metavalue detected, returning FALSE
at 0 ps, Instance /stopwatch_tb00/uut/HEX_TO_7SEG0/ : Warning: NUMERIC_STD."=": metavalue detected, returning FALSE
at 0 ps, Instance /stopwatch_tb00/uut/HEX_TO_7SEG0/ : Warning: NUMERIC_STD."=": metavalue detected, returning FALSE
at 0 ps, Instance /stopwatch_tb00/uut/HEX_TO_7SEG0/ : Warning: NUMERIC_STD."=": metavalue detected, returning FALSE
at 0 ps, Instance /stopwatch_tb00/uut/HEX_TO_7SEG0/ : Warning: NUMERIC_STD."=": metavalue detected, returning FALSE
at 0 ps, Instance /stopwatch_tb00/uut/HEX_TO_7SEG0/ : Warning: NUMERIC_STD."=": metavalue detected, returning FALSE
at 0 ps, Instance /stopwatch_tb00/uut/HEX_TO_7SEG0/ : Warning: NUMERIC_STD."=": metavalue detected, returning FALSE
Finished circuit initialization process.
Stopped at time : 1 us : File "C:/Users/HP/Downloads/Digital-electronics-1-master/Labs/07-stopwatch/stopwatch/stopwatch_tb00.vhd" Line 82
# restart
# run all
Simulator is doing circuit initialization process.
at 0 ps, Instance /stopwatch_tb00/uut/HEX_TO_7SEG0/ : Warning: NUMERIC_STD."=": metavalue detected, returning FALSE
at 0 ps, Instance /stopwatch_tb00/uut/HEX_TO_7SEG0/ : Warning: NUMERIC_STD."=": metavalue detected, returning FALSE
at 0 ps, Instance /stopwatch_tb00/uut/HEX_TO_7SEG0/ : Warning: NUMERIC_STD."=": metavalue detected, returning FALSE
at 0 ps, Instance /stopwatch_tb00/uut/HEX_TO_7SEG0/ : Warning: NUMERIC_STD."=": metavalue detected, returning FALSE
at 0 ps, Instance /stopwatch_tb00/uut/HEX_TO_7SEG0/ : Warning: NUMERIC_STD."=": metavalue detected, returning FALSE
at 0 ps, Instance /stopwatch_tb00/uut/HEX_TO_7SEG0/ : Warning: NUMERIC_STD."=": metavalue detected, returning FALSE
at 0 ps, Instance /stopwatch_tb00/uut/HEX_TO_7SEG0/ : Warning: NUMERIC_STD."=": metavalue detected, returning FALSE
at 0 ps, Instance /stopwatch_tb00/uut/HEX_TO_7SEG0/ : Warning: NUMERIC_STD."=": metavalue detected, returning FALSE
at 0 ps, Instance /stopwatch_tb00/uut/HEX_TO_7SEG0/ : Warning: NUMERIC_STD."=": metavalue detected, returning FALSE
at 0 ps, Instance /stopwatch_tb00/uut/HEX_TO_7SEG0/ : Warning: NUMERIC_STD."=": metavalue detected, returning FALSE
at 0 ps, Instance /stopwatch_tb00/uut/HEX_TO_7SEG0/ : Warning: NUMERIC_STD."=": metavalue detected, returning FALSE
at 0 ps, Instance /stopwatch_tb00/uut/HEX_TO_7SEG0/ : Warning: NUMERIC_STD."=": metavalue detected, returning FALSE
at 0 ps, Instance /stopwatch_tb00/uut/HEX_TO_7SEG0/ : Warning: NUMERIC_STD."=": metavalue detected, returning FALSE
at 0 ps, Instance /stopwatch_tb00/uut/HEX_TO_7SEG0/ : Warning: NUMERIC_STD."=": metavalue detected, returning FALSE
at 0 ps, Instance /stopwatch_tb00/uut/HEX_TO_7SEG0/ : Warning: NUMERIC_STD."=": metavalue detected, returning FALSE
Finished circuit initialization process.
Stopped at time : 1 us : File "C:/Users/HP/Downloads/Digital-electronics-1-master/Labs/07-stopwatch/stopwatch/stopwatch_tb00.vhd" Line 82
